[Thu Sep 11 2014 19:04:55 GMT+0800 (中国标准时间)] /
Error: no open connections
    at Db._executeQueryCommand (F:\sunnyblog\myblog\node_modules\connect-mongo\node_modules\mongodb\lib\mongodb\db.js:1802:21)
    at Cursor.nextObject (F:\sunnyblog\myblog\node_modules\connect-mongo\node_modules\mongodb\lib\mongodb\cursor.js:729:13)
    at Cursor.nextObject (F:\sunnyblog\myblog\node_modules\connect-mongo\node_modules\mongodb\lib\mongodb\scope.js:22:20)
    at Collection.findOne (F:\sunnyblog\myblog\node_modules\connect-mongo\node_modules\mongodb\lib\mongodb\collection\query.js:145:10)
    at F:\sunnyblog\myblog\node_modules\connect-mongo\lib\connect-mongo.js:214:18
    at MongoStore._get_collection (F:\sunnyblog\myblog\node_modules\connect-mongo\lib\connect-mongo.js:148:21)
    at MongoStore.get (F:\sunnyblog\myblog\node_modules\connect-mongo\lib\connect-mongo.js:213:10)
    at Layer.session [as handle] (F:\sunnyblog\myblog\node_modules\express-session\index.js:340:11)
    at trim_prefix (F:\sunnyblog\myblog\node_modules\express\lib\router\index.js:240:15)
    at F:\sunnyblog\myblog\node_modules\express\lib\router\index.js:208:9
[Thu Sep 11 2014 19:04:55 GMT+0800 (中国标准时间)] /stylesheets/style.css
Error: no open connections
    at Db._executeQueryCommand (F:\sunnyblog\myblog\node_modules\connect-mongo\node_modules\mongodb\lib\mongodb\db.js:1802:21)
    at Cursor.nextObject (F:\sunnyblog\myblog\node_modules\connect-mongo\node_modules\mongodb\lib\mongodb\cursor.js:729:13)
    at Cursor.nextObject (F:\sunnyblog\myblog\node_modules\connect-mongo\node_modules\mongodb\lib\mongodb\scope.js:22:20)
    at Collection.findOne (F:\sunnyblog\myblog\node_modules\connect-mongo\node_modules\mongodb\lib\mongodb\collection\query.js:145:10)
    at F:\sunnyblog\myblog\node_modules\connect-mongo\lib\connect-mongo.js:214:18
    at MongoStore._get_collection (F:\sunnyblog\myblog\node_modules\connect-mongo\lib\connect-mongo.js:148:21)
    at MongoStore.get (F:\sunnyblog\myblog\node_modules\connect-mongo\lib\connect-mongo.js:213:10)
    at Layer.session [as handle] (F:\sunnyblog\myblog\node_modules\express-session\index.js:340:11)
    at trim_prefix (F:\sunnyblog\myblog\node_modules\express\lib\router\index.js:240:15)
    at F:\sunnyblog\myblog\node_modules\express\lib\router\index.js:208:9
[Thu Sep 11 2014 19:04:59 GMT+0800 (中国标准时间)] /
Error: no open connections
    at Db._executeQueryCommand (F:\sunnyblog\myblog\node_modules\connect-mongo\node_modules\mongodb\lib\mongodb\db.js:1802:21)
    at Cursor.nextObject (F:\sunnyblog\myblog\node_modules\connect-mongo\node_modules\mongodb\lib\mongodb\cursor.js:729:13)
    at Cursor.nextObject (F:\sunnyblog\myblog\node_modules\connect-mongo\node_modules\mongodb\lib\mongodb\scope.js:22:20)
    at Collection.findOne (F:\sunnyblog\myblog\node_modules\connect-mongo\node_modules\mongodb\lib\mongodb\collection\query.js:145:10)
    at F:\sunnyblog\myblog\node_modules\connect-mongo\lib\connect-mongo.js:214:18
    at MongoStore._get_collection (F:\sunnyblog\myblog\node_modules\connect-mongo\lib\connect-mongo.js:148:21)
    at MongoStore.get (F:\sunnyblog\myblog\node_modules\connect-mongo\lib\connect-mongo.js:213:10)
    at Layer.session [as handle] (F:\sunnyblog\myblog\node_modules\express-session\index.js:340:11)
    at trim_prefix (F:\sunnyblog\myblog\node_modules\express\lib\router\index.js:240:15)
    at F:\sunnyblog\myblog\node_modules\express\lib\router\index.js:208:9
[Thu Sep 11 2014 19:04:59 GMT+0800 (中国标准时间)] /stylesheets/style.css
Error: no open connections
    at Db._executeQueryCommand (F:\sunnyblog\myblog\node_modules\connect-mongo\node_modules\mongodb\lib\mongodb\db.js:1802:21)
    at Cursor.nextObject (F:\sunnyblog\myblog\node_modules\connect-mongo\node_modules\mongodb\lib\mongodb\cursor.js:729:13)
    at Cursor.nextObject (F:\sunnyblog\myblog\node_modules\connect-mongo\node_modules\mongodb\lib\mongodb\scope.js:22:20)
    at Collection.findOne (F:\sunnyblog\myblog\node_modules\connect-mongo\node_modules\mongodb\lib\mongodb\collection\query.js:145:10)
    at F:\sunnyblog\myblog\node_modules\connect-mongo\lib\connect-mongo.js:214:18
    at MongoStore._get_collection (F:\sunnyblog\myblog\node_modules\connect-mongo\lib\connect-mongo.js:148:21)
    at MongoStore.get (F:\sunnyblog\myblog\node_modules\connect-mongo\lib\connect-mongo.js:213:10)
    at Layer.session [as handle] (F:\sunnyblog\myblog\node_modules\express-session\index.js:340:11)
    at trim_prefix (F:\sunnyblog\myblog\node_modules\express\lib\router\index.js:240:15)
    at F:\sunnyblog\myblog\node_modules\express\lib\router\index.js:208:9
[Thu Sep 11 2014 19:05:01 GMT+0800 (中国标准时间)] /
Error: no open connections
    at Db._executeQueryCommand (F:\sunnyblog\myblog\node_modules\connect-mongo\node_modules\mongodb\lib\mongodb\db.js:1802:21)
    at Cursor.nextObject (F:\sunnyblog\myblog\node_modules\connect-mongo\node_modules\mongodb\lib\mongodb\cursor.js:729:13)
    at Cursor.nextObject (F:\sunnyblog\myblog\node_modules\connect-mongo\node_modules\mongodb\lib\mongodb\scope.js:22:20)
    at Collection.findOne (F:\sunnyblog\myblog\node_modules\connect-mongo\node_modules\mongodb\lib\mongodb\collection\query.js:145:10)
    at F:\sunnyblog\myblog\node_modules\connect-mongo\lib\connect-mongo.js:214:18
    at MongoStore._get_collection (F:\sunnyblog\myblog\node_modules\connect-mongo\lib\connect-mongo.js:148:21)
    at MongoStore.get (F:\sunnyblog\myblog\node_modules\connect-mongo\lib\connect-mongo.js:213:10)
    at Layer.session [as handle] (F:\sunnyblog\myblog\node_modules\express-session\index.js:340:11)
    at trim_prefix (F:\sunnyblog\myblog\node_modules\express\lib\router\index.js:240:15)
    at F:\sunnyblog\myblog\node_modules\express\lib\router\index.js:208:9
[Thu Sep 11 2014 19:05:01 GMT+0800 (中国标准时间)] /stylesheets/style.css
Error: no open connections
    at Db._executeQueryCommand (F:\sunnyblog\myblog\node_modules\connect-mongo\node_modules\mongodb\lib\mongodb\db.js:1802:21)
    at Cursor.nextObject (F:\sunnyblog\myblog\node_modules\connect-mongo\node_modules\mongodb\lib\mongodb\cursor.js:729:13)
    at Cursor.nextObject (F:\sunnyblog\myblog\node_modules\connect-mongo\node_modules\mongodb\lib\mongodb\scope.js:22:20)
    at Collection.findOne (F:\sunnyblog\myblog\node_modules\connect-mongo\node_modules\mongodb\lib\mongodb\collection\query.js:145:10)
    at F:\sunnyblog\myblog\node_modules\connect-mongo\lib\connect-mongo.js:214:18
    at MongoStore._get_collection (F:\sunnyblog\myblog\node_modules\connect-mongo\lib\connect-mongo.js:148:21)
    at MongoStore.get (F:\sunnyblog\myblog\node_modules\connect-mongo\lib\connect-mongo.js:213:10)
    at Layer.session [as handle] (F:\sunnyblog\myblog\node_modules\express-session\index.js:340:11)
    at trim_prefix (F:\sunnyblog\myblog\node_modules\express\lib\router\index.js:240:15)
    at F:\sunnyblog\myblog\node_modules\express\lib\router\index.js:208:9
